{
  "RSpec": {
    "coverage": {
      "/mnt/d/CODE/Projets/RAILS/bixi-application/app/helpers/application_helper.rb": [
        1,
        null
      ],
      "/mnt/d/CODE/Projets/RAILS/bixi-application/app/helpers/stations_helper.rb": [
        1,
        null
      ],
      "/mnt/d/CODE/Projets/RAILS/bixi-application/app/controllers/stations_controller.rb": [
        1,
        1,
        null,
        1,
        1,
        null,
        null,
        1,
        0,
        0,
        null,
        null,
        1,
        null,
        1,
        1,
        1,
        null,
        null
      ],
      "/mnt/d/CODE/Projets/RAILS/bixi-application/app/controllers/application_controller.rb": [
        1,
        1,
        null,
        1,
        null,
        1,
        1,
        null,
        null
      ],
      "/mnt/d/CODE/Projets/RAILS/bixi-application/app/interactors/bixis_need_update.rb": [
        1,
        1,
        null,
        1,
        3,
        3,
        null,
        null
      ],
      "/mnt/d/CODE/Projets/RAILS/bixi-application/app/interactors/create_stations.rb": [
        1,
        1,
        null,
        1,
        5,
        5,
        2750,
        2750,
        null,
        null,
        null,
        null,
        null,
        2750,
        2750,
        null,
        null,
        5,
        5,
        null,
        null
      ],
      "/mnt/d/CODE/Projets/RAILS/bixi-application/app/interactors/destroy_useless_stations.rb": [
        1,
        1,
        null,
        1,
        2,
        1,
        null,
        null
      ],
      "/mnt/d/CODE/Projets/RAILS/bixi-application/app/interactors/stations_need_create_or_update.rb": [
        1,
        1,
        null,
        1,
        3,
        3,
        null,
        null
      ],
      "/mnt/d/CODE/Projets/RAILS/bixi-application/app/interactors/update_available_bikes.rb": [
        1,
        1,
        null,
        1,
        2,
        2,
        1100,
        null,
        2,
        null,
        null
      ],
      "/mnt/d/CODE/Projets/RAILS/bixi-application/app/jobs/update_bixis_availability_job.rb": [
        1,
        1,
        null,
        1,
        0,
        null,
        null,
        1,
        0,
        null,
        null
      ],
      "/mnt/d/CODE/Projets/RAILS/bixi-application/app/jobs/application_job.rb": [
        1,
        null
      ],
      "/mnt/d/CODE/Projets/RAILS/bixi-application/app/jobs/update_stations_job.rb": [
        1,
        1,
        null,
        1,
        0,
        null,
        null,
        1,
        0,
        null,
        null
      ],
      "/mnt/d/CODE/Projets/RAILS/bixi-application/app/models/station.rb": [
        1,
        1,
        1,
        null,
        1,
        1,
        1,
        null
      ],
      "/mnt/d/CODE/Projets/RAILS/bixi-application/app/models/application_record.rb": [
        1,
        1,
        null
      ],
      "/mnt/d/CODE/Projets/RAILS/bixi-application/app/services/bixis_service.rb": [
        1,
        1,
        7,
        7,
        null,
        null,
        1,
        4,
        4,
        null,
        null
      ],
      "/mnt/d/CODE/Projets/RAILS/bixi-application/app/models/bixis_request_date.rb": [
        1
      ],
      "/mnt/d/CODE/Projets/RAILS/bixi-application/app/models/stations_request_date.rb": [
        1
      ],
      "/mnt/d/CODE/Projets/RAILS/bixi-application/app/channels/application_cable/channel.rb": [
        0,
        0,
        0,
        0
      ],
      "/mnt/d/CODE/Projets/RAILS/bixi-application/app/channels/application_cable/connection.rb": [
        0,
        0,
        0,
        0
      ],
      "/mnt/d/CODE/Projets/RAILS/bixi-application/app/mailers/application_mailer.rb": [
        0,
        0,
        0,
        0
      ],
      "/mnt/d/CODE/Projets/RAILS/bixi-application/app/organizers/update_bixis_infos.rb": [
        0,
        0,
        null,
        0,
        0
      ],
      "/mnt/d/CODE/Projets/RAILS/bixi-application/app/organizers/update_stations_list.rb": [
        0,
        0,
        null,
        0,
        0
      ]
    },
    "timestamp": 1522781441
  }
}
